<?xml version="1.0" encoding="UTF-8"?>
<!-- Generated by org.testng.reporters.JUnitXMLReporter -->
<testsuite ignored="0" hostname="Manul-W" failures="0" tests="3" name="Default test" time="24.921" errors="0" timestamp="2021-07-07T01:19:03 IST">
  <testcase classname="screenshots.TakingScreenShots" name="screenShotofaElement" time="2.401"/>
  <testcase classname="screenshots.TakingScreenShots" name="screenShotofaPage" time="2.744"/>
  <testcase classname="screenshots.TakingScreenShots" name="screenShotofaSectionInaPage" time="2.389"/>
</testsuite> <!-- Default test -->
