<?xml version="1.0" encoding="UTF-8"?>
<!-- Generated by org.testng.reporters.JUnitXMLReporter -->
<testsuite ignored="0" hostname="Manul-W" failures="0" tests="3" name="Default test" time="21.266" errors="0" timestamp="2021-07-07T01:03:04 IST">
  <testcase classname="screenshots.TakingScreenShots" name="screenShotofaElement" time="3.232"/>
  <testcase classname="screenshots.TakingScreenShots" name="screenShotofaPage" time="4.608"/>
  <testcase classname="screenshots.TakingScreenShots" name="screenShotofaSectionInaPage" time="3.404"/>
</testsuite> <!-- Default test -->
