<?xml version="1.0" encoding="UTF-8"?>
<testng-results ignored="0" total="3" passed="3" failed="0" skipped="0">
  <reporter-output>
  </reporter-output>
  <suite started-at="2021-07-07T01:02:43 IST" name="Default suite" finished-at="2021-07-07T01:03:04 IST" duration-ms="21266">
    <groups>
    </groups>
    <test started-at="2021-07-07T01:02:43 IST" name="Default test" finished-at="2021-07-07T01:03:04 IST" duration-ms="21266">
      <class name="screenshots.TakingScreenShots">
        <test-method is-config="true" signature="setUp()[pri:0, instance:screenshots.TakingScreenShots@3cc2931c]" started-at="2021-07-07T01:02:43 IST" name="setUp" finished-at="2021-07-07T01:02:47 IST" duration-ms="3484" status="PASS">
          <reporter-output>
          </reporter-output>
        </test-method> <!-- setUp -->
        <test-method signature="screenShotofaElement()[pri:0, instance:screenshots.TakingScreenShots@3cc2931c]" started-at="2021-07-07T01:02:47 IST" name="screenShotofaElement" description="Screenshot of a Section In a Page" finished-at="2021-07-07T01:02:50 IST" duration-ms="3232" status="PASS">
          <reporter-output>
          </reporter-output>
        </test-method> <!-- screenShotofaElement -->
        <test-method is-config="true" signature="tearDown()[pri:0, instance:screenshots.TakingScreenShots@3cc2931c]" started-at="2021-07-07T01:02:50 IST" name="tearDown" finished-at="2021-07-07T01:02:50 IST" duration-ms="404" status="PASS">
          <reporter-output>
          </reporter-output>
        </test-method> <!-- tearDown -->
        <test-method is-config="true" signature="setUp()[pri:0, instance:screenshots.TakingScreenShots@3cc2931c]" started-at="2021-07-07T01:02:50 IST" name="setUp" finished-at="2021-07-07T01:02:53 IST" duration-ms="2597" status="PASS">
          <reporter-output>
          </reporter-output>
        </test-method> <!-- setUp -->
        <test-method signature="screenShotofaPage()[pri:0, instance:screenshots.TakingScreenShots@3cc2931c]" started-at="2021-07-07T01:02:53 IST" name="screenShotofaPage" description="Screenshot of a complete Page" finished-at="2021-07-07T01:02:57 IST" duration-ms="4608" status="PASS">
          <reporter-output>
          </reporter-output>
        </test-method> <!-- screenShotofaPage -->
        <test-method is-config="true" signature="tearDown()[pri:0, instance:screenshots.TakingScreenShots@3cc2931c]" started-at="2021-07-07T01:02:57 IST" name="tearDown" finished-at="2021-07-07T01:02:58 IST" duration-ms="550" status="PASS">
          <reporter-output>
          </reporter-output>
        </test-method> <!-- tearDown -->
        <test-method is-config="true" signature="setUp()[pri:0, instance:screenshots.TakingScreenShots@3cc2931c]" started-at="2021-07-07T01:02:58 IST" name="setUp" finished-at="2021-07-07T01:03:01 IST" duration-ms="2640" status="PASS">
          <reporter-output>
          </reporter-output>
        </test-method> <!-- setUp -->
        <test-method signature="screenShotofaSectionInaPage()[pri:0, instance:screenshots.TakingScreenShots@3cc2931c]" started-at="2021-07-07T01:03:01 IST" name="screenShotofaSectionInaPage" description="Screenshot of a Section In a Page" finished-at="2021-07-07T01:03:04 IST" duration-ms="3404" status="PASS">
          <reporter-output>
          </reporter-output>
        </test-method> <!-- screenShotofaSectionInaPage -->
        <test-method is-config="true" signature="tearDown()[pri:0, instance:screenshots.TakingScreenShots@3cc2931c]" started-at="2021-07-07T01:03:04 IST" name="tearDown" finished-at="2021-07-07T01:03:04 IST" duration-ms="275" status="PASS">
          <reporter-output>
          </reporter-output>
        </test-method> <!-- tearDown -->
      </class> <!-- screenshots.TakingScreenShots -->
    </test> <!-- Default test -->
  </suite> <!-- Default suite -->
</testng-results>
