<?xml version="1.0" encoding="UTF-8"?>
<testng-results ignored="0" total="3" passed="3" failed="0" skipped="0">
  <reporter-output>
  </reporter-output>
  <suite started-at="2021-07-07T01:18:38 IST" name="Default suite" finished-at="2021-07-07T01:19:03 IST" duration-ms="24921">
    <groups>
    </groups>
    <test started-at="2021-07-07T01:18:38 IST" name="Default test" finished-at="2021-07-07T01:19:03 IST" duration-ms="24921">
      <class name="screenshots.TakingScreenShots">
        <test-method is-config="true" signature="setUp()[pri:0, instance:screenshots.TakingScreenShots@3cc2931c]" started-at="2021-07-07T01:18:38 IST" name="setUp" finished-at="2021-07-07T01:18:42 IST" duration-ms="3848" status="PASS">
          <reporter-output>
          </reporter-output>
        </test-method> <!-- setUp -->
        <test-method signature="screenShotofaElement()[pri:0, instance:screenshots.TakingScreenShots@3cc2931c]" started-at="2021-07-07T01:18:42 IST" name="screenShotofaElement" description="Screenshot of a Section In a Page" finished-at="2021-07-07T01:18:44 IST" duration-ms="2401" status="PASS">
          <reporter-output>
          </reporter-output>
        </test-method> <!-- screenShotofaElement -->
        <test-method is-config="true" signature="tearDown()[pri:0, instance:screenshots.TakingScreenShots@3cc2931c]" started-at="2021-07-07T01:18:44 IST" name="tearDown" finished-at="2021-07-07T01:18:49 IST" duration-ms="4768" status="PASS">
          <reporter-output>
          </reporter-output>
        </test-method> <!-- tearDown -->
        <test-method is-config="true" signature="setUp()[pri:0, instance:screenshots.TakingScreenShots@3cc2931c]" started-at="2021-07-07T01:18:49 IST" name="setUp" finished-at="2021-07-07T01:18:51 IST" duration-ms="2024" status="PASS">
          <reporter-output>
          </reporter-output>
        </test-method> <!-- setUp -->
        <test-method signature="screenShotofaPage()[pri:0, instance:screenshots.TakingScreenShots@3cc2931c]" started-at="2021-07-07T01:18:51 IST" name="screenShotofaPage" description="Screenshot of a complete Page" finished-at="2021-07-07T01:18:54 IST" duration-ms="2744" status="PASS">
          <reporter-output>
          </reporter-output>
        </test-method> <!-- screenShotofaPage -->
        <test-method is-config="true" signature="tearDown()[pri:0, instance:screenshots.TakingScreenShots@3cc2931c]" started-at="2021-07-07T01:18:54 IST" name="tearDown" finished-at="2021-07-07T01:18:54 IST" duration-ms="235" status="PASS">
          <reporter-output>
          </reporter-output>
        </test-method> <!-- tearDown -->
        <test-method is-config="true" signature="setUp()[pri:0, instance:screenshots.TakingScreenShots@3cc2931c]" started-at="2021-07-07T01:18:54 IST" name="setUp" finished-at="2021-07-07T01:18:56 IST" duration-ms="2010" status="PASS">
          <reporter-output>
          </reporter-output>
        </test-method> <!-- setUp -->
        <test-method signature="screenShotofaSectionInaPage()[pri:0, instance:screenshots.TakingScreenShots@3cc2931c]" started-at="2021-07-07T01:18:56 IST" name="screenShotofaSectionInaPage" description="Screenshot of a Section In a Page" finished-at="2021-07-07T01:18:58 IST" duration-ms="2389" status="PASS">
          <reporter-output>
          </reporter-output>
        </test-method> <!-- screenShotofaSectionInaPage -->
        <test-method is-config="true" signature="tearDown()[pri:0, instance:screenshots.TakingScreenShots@3cc2931c]" started-at="2021-07-07T01:18:58 IST" name="tearDown" finished-at="2021-07-07T01:19:03 IST" duration-ms="4427" status="PASS">
          <reporter-output>
          </reporter-output>
        </test-method> <!-- tearDown -->
      </class> <!-- screenshots.TakingScreenShots -->
    </test> <!-- Default test -->
  </suite> <!-- Default suite -->
</testng-results>
